2015-12-06 18:29:06 WARN  NativeCodeLoader:62 - Unable to load native-hadoop library for your platform... using builtin-java classes where applicable
2015-12-06 18:29:06 ERROR Shell:373 - Failed to locate the winutils binary in the hadoop binary path
java.io.IOException: Could not locate executable null\bin\winutils.exe in the Hadoop binaries.
	at org.apache.hadoop.util.Shell.getQualifiedBinPath(Shell.java:355)
	at org.apache.hadoop.util.Shell.getWinUtilsPath(Shell.java:370)
	at org.apache.hadoop.util.Shell.<clinit>(Shell.java:363)
	at org.apache.hadoop.util.StringUtils.<clinit>(StringUtils.java:79)
	at org.apache.hadoop.security.Groups.parseStaticMapping(Groups.java:116)
	at org.apache.hadoop.security.Groups.<init>(Groups.java:93)
	at org.apache.hadoop.security.Groups.<init>(Groups.java:73)
	at org.apache.hadoop.security.Groups.getUserToGroupsMappingService(Groups.java:293)
	at org.apache.hadoop.security.UserGroupInformation.initialize(UserGroupInformation.java:283)
	at org.apache.hadoop.security.UserGroupInformation.ensureInitialized(UserGroupInformation.java:260)
	at org.apache.hadoop.security.UserGroupInformation.loginUserFromSubject(UserGroupInformation.java:789)
	at org.apache.hadoop.security.UserGroupInformation.getLoginUser(UserGroupInformation.java:774)
	at org.apache.hadoop.security.UserGroupInformation.getCurrentUser(UserGroupInformation.java:647)
	at org.apache.hadoop.fs.FileSystem$Cache$Key.<init>(FileSystem.java:2753)
	at org.apache.hadoop.fs.FileSystem$Cache$Key.<init>(FileSystem.java:2745)
	at org.apache.hadoop.fs.FileSystem$Cache.get(FileSystem.java:2611)
	at org.apache.hadoop.fs.FileSystem.get(FileSystem.java:370)
	at com.hadoop.examples.HdfsConnector.connectToHDFS(HdfsConnector.java:21)
	at com.hadoop.examples.HdfsConnector.isFileExists(HdfsConnector.java:56)
	at com.hadoop.app.App.main(App.java:10)
2015-12-06 18:29:28 WARN  NativeCodeLoader:62 - Unable to load native-hadoop library for your platform... using builtin-java classes where applicable
2015-12-06 18:29:29 ERROR Shell:373 - Failed to locate the winutils binary in the hadoop binary path
java.io.IOException: Could not locate executable null\bin\winutils.exe in the Hadoop binaries.
	at org.apache.hadoop.util.Shell.getQualifiedBinPath(Shell.java:355)
	at org.apache.hadoop.util.Shell.getWinUtilsPath(Shell.java:370)
	at org.apache.hadoop.util.Shell.<clinit>(Shell.java:363)
	at org.apache.hadoop.util.StringUtils.<clinit>(StringUtils.java:79)
	at org.apache.hadoop.security.Groups.parseStaticMapping(Groups.java:116)
	at org.apache.hadoop.security.Groups.<init>(Groups.java:93)
	at org.apache.hadoop.security.Groups.<init>(Groups.java:73)
	at org.apache.hadoop.security.Groups.getUserToGroupsMappingService(Groups.java:293)
	at org.apache.hadoop.security.UserGroupInformation.initialize(UserGroupInformation.java:283)
	at org.apache.hadoop.security.UserGroupInformation.ensureInitialized(UserGroupInformation.java:260)
	at org.apache.hadoop.security.UserGroupInformation.loginUserFromSubject(UserGroupInformation.java:789)
	at org.apache.hadoop.security.UserGroupInformation.getLoginUser(UserGroupInformation.java:774)
	at org.apache.hadoop.security.UserGroupInformation.getCurrentUser(UserGroupInformation.java:647)
	at org.apache.hadoop.fs.FileSystem$Cache$Key.<init>(FileSystem.java:2753)
	at org.apache.hadoop.fs.FileSystem$Cache$Key.<init>(FileSystem.java:2745)
	at org.apache.hadoop.fs.FileSystem$Cache.get(FileSystem.java:2611)
	at org.apache.hadoop.fs.FileSystem.get(FileSystem.java:370)
	at com.hadoop.examples.HdfsConnector.connectToHDFS(HdfsConnector.java:21)
	at com.hadoop.examples.HdfsConnector.isFileExists(HdfsConnector.java:56)
	at com.hadoop.app.App.main(App.java:10)
2015-12-06 18:33:29 INFO  HdfsConnector:39 - Connected to Server  192.168.1.101 with port [54310]
2015-12-06 18:33:30 WARN  NativeCodeLoader:62 - Unable to load native-hadoop library for your platform... using builtin-java classes where applicable
2015-12-06 18:33:30 ERROR Shell:373 - Failed to locate the winutils binary in the hadoop binary path
java.io.IOException: Could not locate executable null\bin\winutils.exe in the Hadoop binaries.
	at org.apache.hadoop.util.Shell.getQualifiedBinPath(Shell.java:355)
	at org.apache.hadoop.util.Shell.getWinUtilsPath(Shell.java:370)
	at org.apache.hadoop.util.Shell.<clinit>(Shell.java:363)
	at org.apache.hadoop.util.StringUtils.<clinit>(StringUtils.java:79)
	at org.apache.hadoop.security.Groups.parseStaticMapping(Groups.java:116)
	at org.apache.hadoop.security.Groups.<init>(Groups.java:93)
	at org.apache.hadoop.security.Groups.<init>(Groups.java:73)
	at org.apache.hadoop.security.Groups.getUserToGroupsMappingService(Groups.java:293)
	at org.apache.hadoop.security.UserGroupInformation.initialize(UserGroupInformation.java:283)
	at org.apache.hadoop.security.UserGroupInformation.ensureInitialized(UserGroupInformation.java:260)
	at org.apache.hadoop.security.UserGroupInformation.loginUserFromSubject(UserGroupInformation.java:789)
	at org.apache.hadoop.security.UserGroupInformation.getLoginUser(UserGroupInformation.java:774)
	at org.apache.hadoop.security.UserGroupInformation.getCurrentUser(UserGroupInformation.java:647)
	at org.apache.hadoop.fs.FileSystem$Cache$Key.<init>(FileSystem.java:2753)
	at org.apache.hadoop.fs.FileSystem$Cache$Key.<init>(FileSystem.java:2745)
	at org.apache.hadoop.fs.FileSystem$Cache.get(FileSystem.java:2611)
	at org.apache.hadoop.fs.FileSystem.get(FileSystem.java:370)
	at com.hadoop.examples.HdfsConnector.connectToHDFS(HdfsConnector.java:24)
	at com.hadoop.examples.HdfsConnector.isFileExists(HdfsConnector.java:59)
	at com.hadoop.app.App.main(App.java:14)
2015-12-06 18:33:31 INFO  App:14 - true
2015-12-06 18:37:11 INFO  HdfsConnector:39 - Connected to Server  192.168.1.101 with port [54310]
2015-12-06 18:37:11 WARN  NativeCodeLoader:62 - Unable to load native-hadoop library for your platform... using builtin-java classes where applicable
2015-12-06 18:37:11 ERROR Shell:373 - Failed to locate the winutils binary in the hadoop binary path
java.io.IOException: Could not locate executable null\bin\winutils.exe in the Hadoop binaries.
	at org.apache.hadoop.util.Shell.getQualifiedBinPath(Shell.java:355)
	at org.apache.hadoop.util.Shell.getWinUtilsPath(Shell.java:370)
	at org.apache.hadoop.util.Shell.<clinit>(Shell.java:363)
	at org.apache.hadoop.util.StringUtils.<clinit>(StringUtils.java:79)
	at org.apache.hadoop.security.Groups.parseStaticMapping(Groups.java:116)
	at org.apache.hadoop.security.Groups.<init>(Groups.java:93)
	at org.apache.hadoop.security.Groups.<init>(Groups.java:73)
	at org.apache.hadoop.security.Groups.getUserToGroupsMappingService(Groups.java:293)
	at org.apache.hadoop.security.UserGroupInformation.initialize(UserGroupInformation.java:283)
	at org.apache.hadoop.security.UserGroupInformation.ensureInitialized(UserGroupInformation.java:260)
	at org.apache.hadoop.security.UserGroupInformation.loginUserFromSubject(UserGroupInformation.java:789)
	at org.apache.hadoop.security.UserGroupInformation.getLoginUser(UserGroupInformation.java:774)
	at org.apache.hadoop.security.UserGroupInformation.getCurrentUser(UserGroupInformation.java:647)
	at org.apache.hadoop.fs.FileSystem$Cache$Key.<init>(FileSystem.java:2753)
	at org.apache.hadoop.fs.FileSystem$Cache$Key.<init>(FileSystem.java:2745)
	at org.apache.hadoop.fs.FileSystem$Cache.get(FileSystem.java:2611)
	at org.apache.hadoop.fs.FileSystem.get(FileSystem.java:370)
	at com.hadoop.examples.HdfsConnector.connectToHDFS(HdfsConnector.java:24)
	at com.hadoop.examples.HdfsConnector.isFileExists(HdfsConnector.java:59)
	at com.hadoop.app.App.main(App.java:14)
2015-12-06 18:37:12 INFO  App:14 - Is file eixts: [/data/sample] true
2015-12-06 18:37:20 INFO  HdfsConnector:39 - Connected to Server  192.168.1.101 with port [54310]
2015-12-06 18:37:21 WARN  NativeCodeLoader:62 - Unable to load native-hadoop library for your platform... using builtin-java classes where applicable
2015-12-06 18:37:21 ERROR Shell:373 - Failed to locate the winutils binary in the hadoop binary path
java.io.IOException: Could not locate executable null\bin\winutils.exe in the Hadoop binaries.
	at org.apache.hadoop.util.Shell.getQualifiedBinPath(Shell.java:355)
	at org.apache.hadoop.util.Shell.getWinUtilsPath(Shell.java:370)
	at org.apache.hadoop.util.Shell.<clinit>(Shell.java:363)
	at org.apache.hadoop.util.StringUtils.<clinit>(StringUtils.java:79)
	at org.apache.hadoop.security.Groups.parseStaticMapping(Groups.java:116)
	at org.apache.hadoop.security.Groups.<init>(Groups.java:93)
	at org.apache.hadoop.security.Groups.<init>(Groups.java:73)
	at org.apache.hadoop.security.Groups.getUserToGroupsMappingService(Groups.java:293)
	at org.apache.hadoop.security.UserGroupInformation.initialize(UserGroupInformation.java:283)
	at org.apache.hadoop.security.UserGroupInformation.ensureInitialized(UserGroupInformation.java:260)
	at org.apache.hadoop.security.UserGroupInformation.loginUserFromSubject(UserGroupInformation.java:789)
	at org.apache.hadoop.security.UserGroupInformation.getLoginUser(UserGroupInformation.java:774)
	at org.apache.hadoop.security.UserGroupInformation.getCurrentUser(UserGroupInformation.java:647)
	at org.apache.hadoop.fs.FileSystem$Cache$Key.<init>(FileSystem.java:2753)
	at org.apache.hadoop.fs.FileSystem$Cache$Key.<init>(FileSystem.java:2745)
	at org.apache.hadoop.fs.FileSystem$Cache.get(FileSystem.java:2611)
	at org.apache.hadoop.fs.FileSystem.get(FileSystem.java:370)
	at com.hadoop.examples.HdfsConnector.connectToHDFS(HdfsConnector.java:24)
	at com.hadoop.examples.HdfsConnector.isFileExists(HdfsConnector.java:59)
	at com.hadoop.app.App.main(App.java:14)
2015-12-06 18:37:22 INFO  App:14 - Is file eixts: [/data/sample] false
2015-12-06 18:45:58 WARN  NativeCodeLoader:62 - Unable to load native-hadoop library for your platform... using builtin-java classes where applicable
2015-12-06 18:45:58 ERROR Shell:373 - Failed to locate the winutils binary in the hadoop binary path
java.io.IOException: Could not locate executable null\bin\winutils.exe in the Hadoop binaries.
	at org.apache.hadoop.util.Shell.getQualifiedBinPath(Shell.java:355)
	at org.apache.hadoop.util.Shell.getWinUtilsPath(Shell.java:370)
	at org.apache.hadoop.util.Shell.<clinit>(Shell.java:363)
	at org.apache.hadoop.util.StringUtils.<clinit>(StringUtils.java:79)
	at org.apache.hadoop.security.Groups.parseStaticMapping(Groups.java:116)
	at org.apache.hadoop.security.Groups.<init>(Groups.java:93)
	at org.apache.hadoop.security.Groups.<init>(Groups.java:73)
	at org.apache.hadoop.security.Groups.getUserToGroupsMappingService(Groups.java:293)
	at org.apache.hadoop.security.UserGroupInformation.initialize(UserGroupInformation.java:283)
	at org.apache.hadoop.security.UserGroupInformation.ensureInitialized(UserGroupInformation.java:260)
	at org.apache.hadoop.security.UserGroupInformation.loginUserFromSubject(UserGroupInformation.java:789)
	at org.apache.hadoop.security.UserGroupInformation.getLoginUser(UserGroupInformation.java:774)
	at org.apache.hadoop.security.UserGroupInformation.getCurrentUser(UserGroupInformation.java:647)
	at org.apache.hadoop.fs.FileSystem$Cache$Key.<init>(FileSystem.java:2753)
	at org.apache.hadoop.fs.FileSystem$Cache$Key.<init>(FileSystem.java:2745)
	at org.apache.hadoop.fs.FileSystem$Cache.get(FileSystem.java:2611)
	at org.apache.hadoop.fs.FileSystem.get(FileSystem.java:370)
	at com.hadoop.examples.HdfsConnector.<init>(HdfsConnector.java:22)
	at com.hadoop.app.App.main(App.java:18)
2015-12-06 18:45:59 INFO  HdfsConnector:31 - Connected to Server  192.168.1.101 with port [54310]
2015-12-06 18:45:59 INFO  App:19 - Is file eixts: [/data/sample] false
2015-12-06 18:46:07 WARN  NativeCodeLoader:62 - Unable to load native-hadoop library for your platform... using builtin-java classes where applicable
2015-12-06 18:46:07 ERROR Shell:373 - Failed to locate the winutils binary in the hadoop binary path
java.io.IOException: Could not locate executable null\bin\winutils.exe in the Hadoop binaries.
	at org.apache.hadoop.util.Shell.getQualifiedBinPath(Shell.java:355)
	at org.apache.hadoop.util.Shell.getWinUtilsPath(Shell.java:370)
	at org.apache.hadoop.util.Shell.<clinit>(Shell.java:363)
	at org.apache.hadoop.util.StringUtils.<clinit>(StringUtils.java:79)
	at org.apache.hadoop.security.Groups.parseStaticMapping(Groups.java:116)
	at org.apache.hadoop.security.Groups.<init>(Groups.java:93)
	at org.apache.hadoop.security.Groups.<init>(Groups.java:73)
	at org.apache.hadoop.security.Groups.getUserToGroupsMappingService(Groups.java:293)
	at org.apache.hadoop.security.UserGroupInformation.initialize(UserGroupInformation.java:283)
	at org.apache.hadoop.security.UserGroupInformation.ensureInitialized(UserGroupInformation.java:260)
	at org.apache.hadoop.security.UserGroupInformation.loginUserFromSubject(UserGroupInformation.java:789)
	at org.apache.hadoop.security.UserGroupInformation.getLoginUser(UserGroupInformation.java:774)
	at org.apache.hadoop.security.UserGroupInformation.getCurrentUser(UserGroupInformation.java:647)
	at org.apache.hadoop.fs.FileSystem$Cache$Key.<init>(FileSystem.java:2753)
	at org.apache.hadoop.fs.FileSystem$Cache$Key.<init>(FileSystem.java:2745)
	at org.apache.hadoop.fs.FileSystem$Cache.get(FileSystem.java:2611)
	at org.apache.hadoop.fs.FileSystem.get(FileSystem.java:370)
	at com.hadoop.examples.HdfsConnector.<init>(HdfsConnector.java:22)
	at com.hadoop.app.App.main(App.java:18)
2015-12-06 18:46:07 INFO  HdfsConnector:31 - Connected to Server  192.168.1.101 with port [54310]
2015-12-06 18:46:08 INFO  App:19 - Is file eixts: [/data/sample] true
2015-12-06 18:50:05 WARN  NativeCodeLoader:62 - Unable to load native-hadoop library for your platform... using builtin-java classes where applicable
2015-12-06 18:50:05 ERROR Shell:373 - Failed to locate the winutils binary in the hadoop binary path
java.io.IOException: Could not locate executable null\bin\winutils.exe in the Hadoop binaries.
	at org.apache.hadoop.util.Shell.getQualifiedBinPath(Shell.java:355)
	at org.apache.hadoop.util.Shell.getWinUtilsPath(Shell.java:370)
	at org.apache.hadoop.util.Shell.<clinit>(Shell.java:363)
	at org.apache.hadoop.util.StringUtils.<clinit>(StringUtils.java:79)
	at org.apache.hadoop.security.Groups.parseStaticMapping(Groups.java:116)
	at org.apache.hadoop.security.Groups.<init>(Groups.java:93)
	at org.apache.hadoop.security.Groups.<init>(Groups.java:73)
	at org.apache.hadoop.security.Groups.getUserToGroupsMappingService(Groups.java:293)
	at org.apache.hadoop.security.UserGroupInformation.initialize(UserGroupInformation.java:283)
	at org.apache.hadoop.security.UserGroupInformation.ensureInitialized(UserGroupInformation.java:260)
	at org.apache.hadoop.security.UserGroupInformation.loginUserFromSubject(UserGroupInformation.java:789)
	at org.apache.hadoop.security.UserGroupInformation.getLoginUser(UserGroupInformation.java:774)
	at org.apache.hadoop.security.UserGroupInformation.getCurrentUser(UserGroupInformation.java:647)
	at org.apache.hadoop.fs.FileSystem$Cache$Key.<init>(FileSystem.java:2753)
	at org.apache.hadoop.fs.FileSystem$Cache$Key.<init>(FileSystem.java:2745)
	at org.apache.hadoop.fs.FileSystem$Cache.get(FileSystem.java:2611)
	at org.apache.hadoop.fs.FileSystem.get(FileSystem.java:370)
	at com.hadoop.examples.HdfsConnector.<init>(HdfsConnector.java:22)
	at com.hadoop.app.App.main(App.java:18)
2015-12-06 18:50:27 INFO  HdfsConnector:35 - Failed to connect Server  192.168.1.109 with port [54310]
2015-12-06 18:50:27 INFO  App:19 - Is file eixts: [/data/sample] false
2015-12-06 20:16:55 WARN  NativeCodeLoader:62 - Unable to load native-hadoop library for your platform... using builtin-java classes where applicable
2015-12-06 20:16:55 ERROR Shell:373 - Failed to locate the winutils binary in the hadoop binary path
java.io.IOException: Could not locate executable null\bin\winutils.exe in the Hadoop binaries.
	at org.apache.hadoop.util.Shell.getQualifiedBinPath(Shell.java:355)
	at org.apache.hadoop.util.Shell.getWinUtilsPath(Shell.java:370)
	at org.apache.hadoop.util.Shell.<clinit>(Shell.java:363)
	at org.apache.hadoop.util.StringUtils.<clinit>(StringUtils.java:79)
	at org.apache.hadoop.security.Groups.parseStaticMapping(Groups.java:116)
	at org.apache.hadoop.security.Groups.<init>(Groups.java:93)
	at org.apache.hadoop.security.Groups.<init>(Groups.java:73)
	at org.apache.hadoop.security.Groups.getUserToGroupsMappingService(Groups.java:293)
	at org.apache.hadoop.security.UserGroupInformation.initialize(UserGroupInformation.java:283)
	at org.apache.hadoop.security.UserGroupInformation.ensureInitialized(UserGroupInformation.java:260)
	at org.apache.hadoop.security.UserGroupInformation.loginUserFromSubject(UserGroupInformation.java:789)
	at org.apache.hadoop.security.UserGroupInformation.getLoginUser(UserGroupInformation.java:774)
	at org.apache.hadoop.security.UserGroupInformation.getCurrentUser(UserGroupInformation.java:647)
	at org.apache.hadoop.fs.FileSystem$Cache$Key.<init>(FileSystem.java:2753)
	at org.apache.hadoop.fs.FileSystem$Cache$Key.<init>(FileSystem.java:2745)
	at org.apache.hadoop.fs.FileSystem$Cache.get(FileSystem.java:2611)
	at org.apache.hadoop.fs.FileSystem.get(FileSystem.java:370)
	at com.hadoop.examples.HdfsConnector.<init>(HdfsConnector.java:22)
	at com.hadoop.app.App.main(App.java:18)
2015-12-06 20:17:17 INFO  HdfsConnector:35 - Failed to connect Server  192.168.1.109 with port [54310]
2015-12-06 20:17:17 ERROR App:23 - Server is not reachable..
2015-12-06 20:17:57 WARN  NativeCodeLoader:62 - Unable to load native-hadoop library for your platform... using builtin-java classes where applicable
2015-12-06 20:17:57 ERROR Shell:373 - Failed to locate the winutils binary in the hadoop binary path
java.io.IOException: Could not locate executable null\bin\winutils.exe in the Hadoop binaries.
	at org.apache.hadoop.util.Shell.getQualifiedBinPath(Shell.java:355)
	at org.apache.hadoop.util.Shell.getWinUtilsPath(Shell.java:370)
	at org.apache.hadoop.util.Shell.<clinit>(Shell.java:363)
	at org.apache.hadoop.util.StringUtils.<clinit>(StringUtils.java:79)
	at org.apache.hadoop.security.Groups.parseStaticMapping(Groups.java:116)
	at org.apache.hadoop.security.Groups.<init>(Groups.java:93)
	at org.apache.hadoop.security.Groups.<init>(Groups.java:73)
	at org.apache.hadoop.security.Groups.getUserToGroupsMappingService(Groups.java:293)
	at org.apache.hadoop.security.UserGroupInformation.initialize(UserGroupInformation.java:283)
	at org.apache.hadoop.security.UserGroupInformation.ensureInitialized(UserGroupInformation.java:260)
	at org.apache.hadoop.security.UserGroupInformation.loginUserFromSubject(UserGroupInformation.java:789)
	at org.apache.hadoop.security.UserGroupInformation.getLoginUser(UserGroupInformation.java:774)
	at org.apache.hadoop.security.UserGroupInformation.getCurrentUser(UserGroupInformation.java:647)
	at org.apache.hadoop.fs.FileSystem$Cache$Key.<init>(FileSystem.java:2753)
	at org.apache.hadoop.fs.FileSystem$Cache$Key.<init>(FileSystem.java:2745)
	at org.apache.hadoop.fs.FileSystem$Cache.get(FileSystem.java:2611)
	at org.apache.hadoop.fs.FileSystem.get(FileSystem.java:370)
	at com.hadoop.examples.HdfsConnector.<init>(HdfsConnector.java:22)
	at com.hadoop.app.App.main(App.java:18)
2015-12-06 20:18:19 INFO  HdfsConnector:35 - Failed to connect Server  192.168.1.109 with port [54310]
2015-12-06 20:18:26 WARN  NativeCodeLoader:62 - Unable to load native-hadoop library for your platform... using builtin-java classes where applicable
2015-12-06 20:18:26 ERROR Shell:373 - Failed to locate the winutils binary in the hadoop binary path
java.io.IOException: Could not locate executable null\bin\winutils.exe in the Hadoop binaries.
	at org.apache.hadoop.util.Shell.getQualifiedBinPath(Shell.java:355)
	at org.apache.hadoop.util.Shell.getWinUtilsPath(Shell.java:370)
	at org.apache.hadoop.util.Shell.<clinit>(Shell.java:363)
	at org.apache.hadoop.util.StringUtils.<clinit>(StringUtils.java:79)
	at org.apache.hadoop.security.Groups.parseStaticMapping(Groups.java:116)
	at org.apache.hadoop.security.Groups.<init>(Groups.java:93)
	at org.apache.hadoop.security.Groups.<init>(Groups.java:73)
	at org.apache.hadoop.security.Groups.getUserToGroupsMappingService(Groups.java:293)
	at org.apache.hadoop.security.UserGroupInformation.initialize(UserGroupInformation.java:283)
	at org.apache.hadoop.security.UserGroupInformation.ensureInitialized(UserGroupInformation.java:260)
	at org.apache.hadoop.security.UserGroupInformation.loginUserFromSubject(UserGroupInformation.java:789)
	at org.apache.hadoop.security.UserGroupInformation.getLoginUser(UserGroupInformation.java:774)
	at org.apache.hadoop.security.UserGroupInformation.getCurrentUser(UserGroupInformation.java:647)
	at org.apache.hadoop.fs.FileSystem$Cache$Key.<init>(FileSystem.java:2753)
	at org.apache.hadoop.fs.FileSystem$Cache$Key.<init>(FileSystem.java:2745)
	at org.apache.hadoop.fs.FileSystem$Cache.get(FileSystem.java:2611)
	at org.apache.hadoop.fs.FileSystem.get(FileSystem.java:370)
	at com.hadoop.examples.HdfsConnector.<init>(HdfsConnector.java:22)
	at com.hadoop.app.App.main(App.java:18)
2015-12-06 20:18:48 INFO  HdfsConnector:35 - Failed to connect Server  192.168.1.109 with port [54310]
2015-12-06 20:19:14 WARN  NativeCodeLoader:62 - Unable to load native-hadoop library for your platform... using builtin-java classes where applicable
2015-12-06 20:19:14 ERROR Shell:373 - Failed to locate the winutils binary in the hadoop binary path
java.io.IOException: Could not locate executable null\bin\winutils.exe in the Hadoop binaries.
	at org.apache.hadoop.util.Shell.getQualifiedBinPath(Shell.java:355)
	at org.apache.hadoop.util.Shell.getWinUtilsPath(Shell.java:370)
	at org.apache.hadoop.util.Shell.<clinit>(Shell.java:363)
	at org.apache.hadoop.util.StringUtils.<clinit>(StringUtils.java:79)
	at org.apache.hadoop.security.Groups.parseStaticMapping(Groups.java:116)
	at org.apache.hadoop.security.Groups.<init>(Groups.java:93)
	at org.apache.hadoop.security.Groups.<init>(Groups.java:73)
	at org.apache.hadoop.security.Groups.getUserToGroupsMappingService(Groups.java:293)
	at org.apache.hadoop.security.UserGroupInformation.initialize(UserGroupInformation.java:283)
	at org.apache.hadoop.security.UserGroupInformation.ensureInitialized(UserGroupInformation.java:260)
	at org.apache.hadoop.security.UserGroupInformation.loginUserFromSubject(UserGroupInformation.java:789)
	at org.apache.hadoop.security.UserGroupInformation.getLoginUser(UserGroupInformation.java:774)
	at org.apache.hadoop.security.UserGroupInformation.getCurrentUser(UserGroupInformation.java:647)
	at org.apache.hadoop.fs.FileSystem$Cache$Key.<init>(FileSystem.java:2753)
	at org.apache.hadoop.fs.FileSystem$Cache$Key.<init>(FileSystem.java:2745)
	at org.apache.hadoop.fs.FileSystem$Cache.get(FileSystem.java:2611)
	at org.apache.hadoop.fs.FileSystem.get(FileSystem.java:370)
	at com.hadoop.examples.HdfsConnector.<init>(HdfsConnector.java:22)
	at com.hadoop.app.App.main(App.java:18)
2015-12-06 20:19:31 WARN  NativeCodeLoader:62 - Unable to load native-hadoop library for your platform... using builtin-java classes where applicable
2015-12-06 20:19:31 ERROR Shell:373 - Failed to locate the winutils binary in the hadoop binary path
java.io.IOException: Could not locate executable null\bin\winutils.exe in the Hadoop binaries.
	at org.apache.hadoop.util.Shell.getQualifiedBinPath(Shell.java:355)
	at org.apache.hadoop.util.Shell.getWinUtilsPath(Shell.java:370)
	at org.apache.hadoop.util.Shell.<clinit>(Shell.java:363)
	at org.apache.hadoop.util.StringUtils.<clinit>(StringUtils.java:79)
	at org.apache.hadoop.security.Groups.parseStaticMapping(Groups.java:116)
	at org.apache.hadoop.security.Groups.<init>(Groups.java:93)
	at org.apache.hadoop.security.Groups.<init>(Groups.java:73)
	at org.apache.hadoop.security.Groups.getUserToGroupsMappingService(Groups.java:293)
	at org.apache.hadoop.security.UserGroupInformation.initialize(UserGroupInformation.java:283)
	at org.apache.hadoop.security.UserGroupInformation.ensureInitialized(UserGroupInformation.java:260)
	at org.apache.hadoop.security.UserGroupInformation.loginUserFromSubject(UserGroupInformation.java:789)
	at org.apache.hadoop.security.UserGroupInformation.getLoginUser(UserGroupInformation.java:774)
	at org.apache.hadoop.security.UserGroupInformation.getCurrentUser(UserGroupInformation.java:647)
	at org.apache.hadoop.fs.FileSystem$Cache$Key.<init>(FileSystem.java:2753)
	at org.apache.hadoop.fs.FileSystem$Cache$Key.<init>(FileSystem.java:2745)
	at org.apache.hadoop.fs.FileSystem$Cache.get(FileSystem.java:2611)
	at org.apache.hadoop.fs.FileSystem.get(FileSystem.java:370)
	at com.hadoop.examples.HdfsConnector.<init>(HdfsConnector.java:22)
	at com.hadoop.app.App.main(App.java:18)
2015-12-06 20:19:32 INFO  HdfsConnector:31 - Connected to Server  192.168.1.101 with port [54310]
2015-12-06 20:19:32 INFO  HdfsConnector:31 - Connected to Server  192.168.1.101 with port [54310]
2015-12-06 20:19:32 INFO  App:21 - Is file eixts: /data/sampletrue
2015-12-06 20:19:52 WARN  NativeCodeLoader:62 - Unable to load native-hadoop library for your platform... using builtin-java classes where applicable
2015-12-06 20:19:52 ERROR Shell:373 - Failed to locate the winutils binary in the hadoop binary path
java.io.IOException: Could not locate executable null\bin\winutils.exe in the Hadoop binaries.
	at org.apache.hadoop.util.Shell.getQualifiedBinPath(Shell.java:355)
	at org.apache.hadoop.util.Shell.getWinUtilsPath(Shell.java:370)
	at org.apache.hadoop.util.Shell.<clinit>(Shell.java:363)
	at org.apache.hadoop.util.StringUtils.<clinit>(StringUtils.java:79)
	at org.apache.hadoop.security.Groups.parseStaticMapping(Groups.java:116)
	at org.apache.hadoop.security.Groups.<init>(Groups.java:93)
	at org.apache.hadoop.security.Groups.<init>(Groups.java:73)
	at org.apache.hadoop.security.Groups.getUserToGroupsMappingService(Groups.java:293)
	at org.apache.hadoop.security.UserGroupInformation.initialize(UserGroupInformation.java:283)
	at org.apache.hadoop.security.UserGroupInformation.ensureInitialized(UserGroupInformation.java:260)
	at org.apache.hadoop.security.UserGroupInformation.loginUserFromSubject(UserGroupInformation.java:789)
	at org.apache.hadoop.security.UserGroupInformation.getLoginUser(UserGroupInformation.java:774)
	at org.apache.hadoop.security.UserGroupInformation.getCurrentUser(UserGroupInformation.java:647)
	at org.apache.hadoop.fs.FileSystem$Cache$Key.<init>(FileSystem.java:2753)
	at org.apache.hadoop.fs.FileSystem$Cache$Key.<init>(FileSystem.java:2745)
	at org.apache.hadoop.fs.FileSystem$Cache.get(FileSystem.java:2611)
	at org.apache.hadoop.fs.FileSystem.get(FileSystem.java:370)
	at com.hadoop.examples.HdfsConnector.<init>(HdfsConnector.java:22)
	at com.hadoop.app.App.main(App.java:18)
2015-12-06 20:19:53 INFO  HdfsConnector:31 - Connected to Server  192.168.1.101 with port [54310]
2015-12-06 20:19:53 INFO  App:21 - Is file eixts: /data/sampletrue
2015-12-06 20:20:22 WARN  NativeCodeLoader:62 - Unable to load native-hadoop library for your platform... using builtin-java classes where applicable
2015-12-06 20:20:22 ERROR Shell:373 - Failed to locate the winutils binary in the hadoop binary path
java.io.IOException: Could not locate executable null\bin\winutils.exe in the Hadoop binaries.
	at org.apache.hadoop.util.Shell.getQualifiedBinPath(Shell.java:355)
	at org.apache.hadoop.util.Shell.getWinUtilsPath(Shell.java:370)
	at org.apache.hadoop.util.Shell.<clinit>(Shell.java:363)
	at org.apache.hadoop.util.StringUtils.<clinit>(StringUtils.java:79)
	at org.apache.hadoop.security.Groups.parseStaticMapping(Groups.java:116)
	at org.apache.hadoop.security.Groups.<init>(Groups.java:93)
	at org.apache.hadoop.security.Groups.<init>(Groups.java:73)
	at org.apache.hadoop.security.Groups.getUserToGroupsMappingService(Groups.java:293)
	at org.apache.hadoop.security.UserGroupInformation.initialize(UserGroupInformation.java:283)
	at org.apache.hadoop.security.UserGroupInformation.ensureInitialized(UserGroupInformation.java:260)
	at org.apache.hadoop.security.UserGroupInformation.loginUserFromSubject(UserGroupInformation.java:789)
	at org.apache.hadoop.security.UserGroupInformation.getLoginUser(UserGroupInformation.java:774)
	at org.apache.hadoop.security.UserGroupInformation.getCurrentUser(UserGroupInformation.java:647)
	at org.apache.hadoop.fs.FileSystem$Cache$Key.<init>(FileSystem.java:2753)
	at org.apache.hadoop.fs.FileSystem$Cache$Key.<init>(FileSystem.java:2745)
	at org.apache.hadoop.fs.FileSystem$Cache.get(FileSystem.java:2611)
	at org.apache.hadoop.fs.FileSystem.get(FileSystem.java:370)
	at com.hadoop.examples.HdfsConnector.<init>(HdfsConnector.java:22)
	at com.hadoop.app.App.main(App.java:18)
2015-12-06 20:20:23 INFO  HdfsConnector:31 - Connected to Server  192.168.1.101 with port [54310]
2015-12-06 20:20:23 INFO  App:21 - Is file eixts: /data/sample :true
2015-12-06 20:20:40 WARN  NativeCodeLoader:62 - Unable to load native-hadoop library for your platform... using builtin-java classes where applicable
2015-12-06 20:20:41 ERROR Shell:373 - Failed to locate the winutils binary in the hadoop binary path
java.io.IOException: Could not locate executable null\bin\winutils.exe in the Hadoop binaries.
	at org.apache.hadoop.util.Shell.getQualifiedBinPath(Shell.java:355)
	at org.apache.hadoop.util.Shell.getWinUtilsPath(Shell.java:370)
	at org.apache.hadoop.util.Shell.<clinit>(Shell.java:363)
	at org.apache.hadoop.util.StringUtils.<clinit>(StringUtils.java:79)
	at org.apache.hadoop.security.Groups.parseStaticMapping(Groups.java:116)
	at org.apache.hadoop.security.Groups.<init>(Groups.java:93)
	at org.apache.hadoop.security.Groups.<init>(Groups.java:73)
	at org.apache.hadoop.security.Groups.getUserToGroupsMappingService(Groups.java:293)
	at org.apache.hadoop.security.UserGroupInformation.initialize(UserGroupInformation.java:283)
	at org.apache.hadoop.security.UserGroupInformation.ensureInitialized(UserGroupInformation.java:260)
	at org.apache.hadoop.security.UserGroupInformation.loginUserFromSubject(UserGroupInformation.java:789)
	at org.apache.hadoop.security.UserGroupInformation.getLoginUser(UserGroupInformation.java:774)
	at org.apache.hadoop.security.UserGroupInformation.getCurrentUser(UserGroupInformation.java:647)
	at org.apache.hadoop.fs.FileSystem$Cache$Key.<init>(FileSystem.java:2753)
	at org.apache.hadoop.fs.FileSystem$Cache$Key.<init>(FileSystem.java:2745)
	at org.apache.hadoop.fs.FileSystem$Cache.get(FileSystem.java:2611)
	at org.apache.hadoop.fs.FileSystem.get(FileSystem.java:370)
	at com.hadoop.examples.HdfsConnector.<init>(HdfsConnector.java:22)
	at com.hadoop.app.App.main(App.java:18)
2015-12-06 20:20:41 INFO  HdfsConnector:31 - Connected to Server  192.168.1.101 with port [54310]
2015-12-06 20:20:41 INFO  App:21 - Is file eixts: hdfs://192.168.1.101:54310/data/sample :true
